2025-06-29 13:23:37.611 IST [42918] LOG:  starting PostgreSQL 17.5 (Postgres.app) on aarch64-apple-darwin23.6.0, compiled by Apple clang version 15.0.0 (clang-1500.3.9.4), 64-bit
2025-06-29 13:23:37.613 IST [42918] LOG:  listening on IPv6 address "::1", port 5433
2025-06-29 13:23:37.613 IST [42918] LOG:  listening on IPv4 address "127.0.0.1", port 5433
2025-06-29 13:23:37.614 IST [42918] LOG:  listening on Unix socket "/tmp/.s.PGSQL.5433"
2025-06-29 13:23:37.615 IST [42921] LOG:  database system was shut down at 2025-06-29 13:23:37 IST
2025-06-29 13:23:37.617 IST [42918] LOG:  database system is ready to accept connections
2025-06-29 13:25:38.278 IST [43312] ERROR:  new locale provider (libc) does not match locale provider of the template database (icu)
2025-06-29 13:25:38.278 IST [43312] HINT:  Use the same locale provider as in the template database, or use template0 as template.
2025-06-29 13:25:38.278 IST [43312] STATEMENT:  CREATE DATABASE "WEFT"
	    WITH
	    OWNER = postgres
	    ENCODING = 'UTF8'
	    LOCALE_PROVIDER = 'libc'
	    CONNECTION LIMIT = -1
	    IS_TEMPLATE = False;
	
2025-06-29 13:28:37.622 IST [42919] LOG:  checkpoint starting: time
2025-06-29 13:29:54.002 IST [44574] ERROR:  relation "public.users" does not exist at character 15
2025-06-29 13:29:54.002 IST [44574] STATEMENT:  SELECT * FROM public.users
	ORDER BY id ASC 
2025-06-29 13:31:52.406 IST [42919] LOG:  checkpoint complete: wrote 1920 buffers (11.7%); 0 WAL file(s) added, 0 removed, 1 recycled; write=194.761 s, sync=0.019 s, total=194.786 s; sync files=622, longest=0.002 s, average=0.001 s; distance=8991 kB, estimate=8991 kB; lsn=0/20518E8, redo lsn=0/2021600
2025-06-29 13:35:24.679 IST [45675] ERROR:  relation "public.users" does not exist at character 15
2025-06-29 13:35:24.679 IST [45675] STATEMENT:  SELECT * FROM public.users
	ORDER BY id ASC 
2025-06-29 13:38:19.799 IST [46298] ERROR:  relation "public.users" does not exist at character 15
2025-06-29 13:38:19.799 IST [46298] STATEMENT:  SELECT * FROM public.users
	ORDER BY id ASC 
2025-06-29 13:38:37.410 IST [42919] LOG:  checkpoint starting: time
2025-06-29 13:38:41.680 IST [42919] LOG:  checkpoint complete: wrote 43 buffers (0.3%); 0 WAL file(s) added, 0 removed, 0 recycled; write=4.260 s, sync=0.004 s, total=4.271 s; sync files=38, longest=0.001 s, average=0.001 s; distance=262 kB, estimate=8118 kB; lsn=0/2063000, redo lsn=0/2062FA8
2025-06-29 13:43:37.683 IST [42919] LOG:  checkpoint starting: time
2025-06-29 13:43:38.506 IST [42919] LOG:  checkpoint complete: wrote 9 buffers (0.1%); 0 WAL file(s) added, 0 removed, 0 recycled; write=0.815 s, sync=0.001 s, total=0.825 s; sync files=7, longest=0.001 s, average=0.001 s; distance=28 kB, estimate=7309 kB; lsn=0/206A180, redo lsn=0/206A128
2025-06-29 13:46:49.013 IST [42918] LOG:  received fast shutdown request
2025-06-29 13:46:49.015 IST [42918] LOG:  aborting any active transactions
2025-06-29 13:46:49.015 IST [47758] FATAL:  terminating connection due to administrator command
2025-06-29 13:46:49.016 IST [43417] FATAL:  terminating connection due to administrator command
2025-06-29 13:46:49.016 IST [43312] FATAL:  terminating connection due to administrator command
2025-06-29 13:46:49.016 IST [46298] FATAL:  terminating connection due to administrator command
2025-06-29 13:46:49.022 IST [42918] LOG:  background worker "logical replication launcher" (PID 42924) exited with exit code 1
2025-06-29 13:46:49.024 IST [42919] LOG:  shutting down
2025-06-29 13:46:49.025 IST [42919] LOG:  checkpoint starting: shutdown immediate
2025-06-29 13:46:49.030 IST [42919] LOG:  checkpoint complete: wrote 0 buffers (0.0%); 0 WAL file(s) added, 0 removed, 0 recycled; write=0.002 s, sync=0.001 s, total=0.006 s; sync files=0, longest=0.000 s, average=0.000 s; distance=0 kB, estimate=6578 kB; lsn=0/206A230, redo lsn=0/206A230
2025-06-29 13:46:49.037 IST [42918] LOG:  database system is shut down
2025-06-30 23:21:04.308 IST [40953] LOG:  starting PostgreSQL 17.5 (Postgres.app) on aarch64-apple-darwin23.6.0, compiled by Apple clang version 15.0.0 (clang-1500.3.9.4), 64-bit
2025-06-30 23:21:04.315 IST [40953] LOG:  listening on IPv6 address "::1", port 5433
2025-06-30 23:21:04.315 IST [40953] LOG:  listening on IPv4 address "127.0.0.1", port 5433
2025-06-30 23:21:04.316 IST [40953] LOG:  listening on Unix socket "/tmp/.s.PGSQL.5433"
2025-06-30 23:21:04.321 IST [40956] LOG:  database system was shut down at 2025-06-29 13:46:49 IST
2025-06-30 23:21:04.333 IST [40953] LOG:  database system is ready to accept connections
2025-06-30 23:26:04.329 IST [40954] LOG:  checkpoint starting: time
2025-06-30 23:26:04.562 IST [40954] LOG:  checkpoint complete: wrote 5 buffers (0.0%); 0 WAL file(s) added, 0 removed, 0 recycled; write=0.223 s, sync=0.001 s, total=0.238 s; sync files=4, longest=0.001 s, average=0.001 s; distance=1 kB, estimate=1 kB; lsn=0/206A9C8, redo lsn=0/206A970
